<?xml version="1.0" encoding="UTF-8"?>
<!-- Generated by org.testng.reporters.JUnitReportReporter -->
<testsuite skipped="0" hostname="Chetuiwk255" name="com.qa.TestNG.com.qa.TestNG.CasesTest" tests="1" failures="0" timestamp="18 Feb 2019 18:07:49 GMT" time="28.399" errors="0">
  <testcase name="clickCasesTest" time="28.399" classname="com.qa.TestNG.com.qa.TestNG.CasesTest"/>
</testsuite> <!-- com.qa.TestNG.com.qa.TestNG.CasesTest -->
